E:\DROPBOX\PROGRAMS\PICKL8\RELEASE\PICKL8.OBJ
E:\DROPBOX\PROGRAMS\PICKL8\RELEASE\DLGMAIN.OBJ
E:\DROPBOX\PROGRAMS\PICKL8\RELEASE\MOC_DLGMAIN.OBJ
E:\DROPBOX\PROGRAMS\PICKL8\RELEASE\FUNC.OBJ
E:\DROPBOX\PROGRAMS\PICKL8\RELEASE\MTLPARSER.OBJ
E:\DROPBOX\PROGRAMS\PICKL8\RELEASE\MOC_FILECOPYPROCESSTHREAD.OBJ
E:\DROPBOX\PROGRAMS\PICKL8\RELEASE\FILECOPYPROCESSTHREAD.OBJ
E:\DROPBOX\PROGRAMS\PICKL8\RELEASE\VC110.PDB
E:\DROPBOX\PROGRAMS\PICKL8\RELEASE\PICKL8.EXE
E:\DROPBOX\PROGRAMS\PICKL8\RELEASE\PICKL8.PDB
E:\DROPBOX\PROGRAMS\PICKL8\RELEASE\PICKL8.RES
E:\Dropbox\Programs\PickL8\Release\DlgMain.obj
E:\Dropbox\Programs\PickL8\Release\FileCopyProcessThread.obj
E:\Dropbox\Programs\PickL8\Release\func.obj
E:\Dropbox\Programs\PickL8\Release\moc_DlgMain.obj
E:\Dropbox\Programs\PickL8\Release\moc_FileCopyProcessThread.obj
E:\Dropbox\Programs\PickL8\Release\MTLParser.obj
E:\Dropbox\Programs\PickL8\Release\PickL8.obj
E:\Dropbox\Programs\PickL8\Release\cl.command.1.tlog
E:\Dropbox\Programs\PickL8\Release\CL.read.1.tlog
E:\Dropbox\Programs\PickL8\Release\CL.write.1.tlog
E:\Dropbox\Programs\PickL8\Release\link-cvtres.read.1.tlog
E:\Dropbox\Programs\PickL8\Release\link-cvtres.write.1.tlog
E:\Dropbox\Programs\PickL8\Release\link-rc.read.1.tlog
E:\Dropbox\Programs\PickL8\Release\link-rc.write.1.tlog
E:\Dropbox\Programs\PickL8\Release\link.command.1.tlog
E:\Dropbox\Programs\PickL8\Release\link.read.1.tlog
E:\Dropbox\Programs\PickL8\Release\link.read.2.tlog
E:\Dropbox\Programs\PickL8\Release\link.read.4.tlog
E:\Dropbox\Programs\PickL8\Release\link.read.5.tlog
E:\Dropbox\Programs\PickL8\Release\link.write.1.tlog
E:\Dropbox\Programs\PickL8\Release\rc.command.1.tlog
E:\Dropbox\Programs\PickL8\Release\rc.read.1.tlog
E:\Dropbox\Programs\PickL8\Release\rc.write.1.tlog
E:\Dropbox\Programs\PickL8\Release\PickL8.res
E:\Dropbox\Programs\PickL8\Release\PickL8.pdb
E:\Dropbox\Programs\PickL8\Release\vc110.pdb
E:\Dropbox\Programs\PickL8\Release\PickL8.exe
