Build started 2013-10-18 13:11:53.
     1>Project "E:\Dropbox\Programs\PickL8\PickL8.vcxproj" on node 2 (Build target(s)).
     1>ClCompile:
         C:\Program Files (x86)\Microsoft Visual Studio 11.0\VC\bin\CL.exe /c /Zi /nologo /W3 /WX- /sdl /Od /Oy- /GL /D WIN32 /D NDEBUG /D _CONSOLE /D _UNICODE /D UNICODE /Gm- /EHsc /MD /GS /Gy /fp:precise /Zc:wchar_t /Zc:forScope /Fo"Release\\" /Fd"Release\vc110.pdb" /Gd /TP /analyze- /errorReport:prompt DlgMain.cpp
         DlgMain.cpp
       Link:
         C:\Program Files (x86)\Microsoft Visual Studio 11.0\VC\bin\link.exe /ERRORREPORT:PROMPT /OUT:"E:\Dropbox\Programs\PickL8\Release\PickL8.exe" /INCREMENTAL:NO /NOLOGO qtmain.lib QtCore4.lib QtGui4.lib ole32.lib comsupp.lib kernel32.lib user32.lib gdi32.lib winspool.lib comdlg32.lib advapi32.lib shell32.lib ole32.lib oleaut32.lib uuid.lib odbc32.lib odbccp32.lib /MANIFEST /MANIFESTUAC:"level='asInvoker' uiAccess='false'" /manifest:embed /DEBUG /PDB:"E:\Dropbox\Programs\PickL8\Release\PickL8.pdb" /SUBSYSTEM:CONSOLE /OPT:REF /OPT:ICF /LTCG /TLBID:1 /DYNAMICBASE /NXCOMPAT /IMPLIB:"E:\Dropbox\Programs\PickL8\Release\PickL8.lib" /MACHINE:X86 /SAFESEH Release\PickL8.res
         Release\DlgMain.obj
         Release\FileCopyProcessThread.obj
         Release\func.obj
         Release\moc_DlgMain.obj
         Release\moc_FileCopyProcessThread.obj
         Release\MTLParser.obj
         Release\PickL8.obj
         Generating code
         Finished generating code
         PickL8.vcxproj -> E:\Dropbox\Programs\PickL8\Release\PickL8.exe
     1>Done Building Project "E:\Dropbox\Programs\PickL8\PickL8.vcxproj" (Build target(s)).

Build succeeded.

Time Elapsed 00:00:04.39
